{"C:\\Users\\Admin\\Desktop\\docker-10\\app.js": {"path":"C:\\Users\\Admin\\Desktop\\docker-10\\app.js","statementMap":{"0":{"start":{"line":1,"column":13},"end":{"line":1,"column":28}},"1":{"start":{"line":3,"column":13},"end":{"line":3,"column":37}},"2":{"start":{"line":5,"column":20},"end":{"line":43,"column":8}},"3":{"start":{"line":46,"column":15},"end":{"line":49,"column":2}},"4":{"start":{"line":47,"column":2},"end":{"line":47,"column":54}},"5":{"start":{"line":48,"column":2},"end":{"line":48,"column":23}},"6":{"start":{"line":52,"column":0},"end":{"line":54,"column":3}},"7":{"start":{"line":53,"column":2},"end":{"line":53,"column":62}},"8":{"start":{"line":57,"column":0},"end":{"line":57,"column":24}}},"fnMap":{"0":{"name":"(anonymous_0)","decl":{"start":{"line":46,"column":33},"end":{"line":46,"column":34}},"loc":{"start":{"line":46,"column":47},"end":{"line":49,"column":1}},"line":46},"1":{"name":"(anonymous_1)","decl":{"start":{"line":52,"column":20},"end":{"line":52,"column":21}},"loc":{"start":{"line":52,"column":26},"end":{"line":54,"column":1}},"line":52}},"branchMap":{"0":{"loc":{"start":{"line":3,"column":13},"end":{"line":3,"column":37}},"type":"binary-expr","locations":[{"start":{"line":3,"column":13},"end":{"line":3,"column":29}},{"start":{"line":3,"column":33},"end":{"line":3,"column":37}}],"line":3}},"s":{"0":1,"1":1,"2":1,"3":1,"4":1,"5":1,"6":1,"7":1,"8":1},"f":{"0":1,"1":1},"b":{"0":[1,1]},"_coverageSchema":"1a1c01bbd47fc00a2c39e90264f33305004495a9","hash":"08ca9590f30f6cb2931eabee3edab93ed834cd3f"}
}
